Aniverse_Front/app/build/intermediates/manifest_merge_blame_file/debug/manifest-merger-blame-debug-report.txt
1<?xml version="1.0" encoding="utf-8"?>
2<manifest xmlns:android="http://schemas.android.com/apk/res/android"
3    package="org.gyeongsoton.gyeongsoton_jelly"
4    android:versionCode="1"
5    android:versionName="1.0" >
6
7    <uses-sdk
8        android:minSdkVersion="21"
8-->src\main\AndroidManifest.xml
9        android:targetSdkVersion="31" />
9-->src\main\AndroidManifest.xml
10
11    <uses-permission android:name="android.permission.INTERNET" />
11-->src\main\AndroidManifest.xml:6:5-67
11-->src\main\AndroidManifest.xml:6:22-64
12    <uses-permission android:name="android.permission.READ_EXTERNAL_STORAGE" />
12-->src\main\AndroidManifest.xml:7:5-80
12-->src\main\AndroidManifest.xml:7:22-77
13
14    <supports-screens
14-->src\main\AndroidManifest.xml:9:5-11:39
15        android:anyDensity="true"
15-->src\main\AndroidManifest.xml:10:9-34
16        android:largeScreens="true" />
16-->src\main\AndroidManifest.xml:11:9-36
17
18    <application
18-->src\main\AndroidManifest.xml:13:5-113:19
19        android:allowBackup="true"
19-->src\main\AndroidManifest.xml:14:9-35
20        android:appComponentFactory="androidx.core.app.CoreComponentFactory"
20-->[androidx.core:core:1.5.0] AndroidManifest.xml:24:18-86
21        android:debuggable="true"
22        android:icon="@mipmap/ic_launcher"
22-->src\main\AndroidManifest.xml:15:9-43
23        android:label="@string/app_name"
23-->src\main\AndroidManifest.xml:16:9-41
24        android:roundIcon="@mipmap/ic_launcher_round"
24-->src\main\AndroidManifest.xml:17:9-54
25        android:supportsRtl="true"
25-->src\main\AndroidManifest.xml:18:9-35
26        android:testOnly="true"
27        android:theme="@style/Theme.Gyeongsoton_jelly"
27-->src\main\AndroidManifest.xml:19:9-55
28        android:usesCleartextTraffic="true" >
28-->src\main\AndroidManifest.xml:20:9-44
29        <activity
29-->src\main\AndroidManifest.xml:21:9-23:39
30            android:name="org.gyeongsoton.gyeongsoton_jelly.Protect_request"
30-->src\main\AndroidManifest.xml:22:13-44
31            android:exported="true" />
31-->src\main\AndroidManifest.xml:23:13-36
32        <activity
32-->src\main\AndroidManifest.xml:24:9-26:39
33            android:name="org.gyeongsoton.gyeongsoton_jelly.Protect_info"
33-->src\main\AndroidManifest.xml:25:13-41
34            android:exported="true" />
34-->src\main\AndroidManifest.xml:26:13-36
35        <activity
35-->src\main\AndroidManifest.xml:27:9-29:39
36            android:name="org.gyeongsoton.gyeongsoton_jelly.Adopt_upload"
36-->src\main\AndroidManifest.xml:28:13-41
37            android:exported="true" />
37-->src\main\AndroidManifest.xml:29:13-36
38        <activity
38-->src\main\AndroidManifest.xml:30:9-32:39
39            android:name="org.gyeongsoton.gyeongsoton_jelly.Mypage_buy_item"
39-->src\main\AndroidManifest.xml:31:13-44
40            android:exported="true" />
40-->src\main\AndroidManifest.xml:32:13-36
41        <activity
41-->src\main\AndroidManifest.xml:33:9-37:74
42            android:name="org.gyeongsoton.gyeongsoton_jelly.Mypage_seller_item"
42-->src\main\AndroidManifest.xml:34:13-47
43            android:exported="true"
43-->src\main\AndroidManifest.xml:35:13-36
44            android:label="@string/title_activity_mypage_seller_item"
44-->src\main\AndroidManifest.xml:36:13-70
45            android:theme="@style/Theme.Gyeongsoton_jelly.NoActionBar" />
45-->src\main\AndroidManifest.xml:37:13-71
46        <activity
46-->src\main\AndroidManifest.xml:38:9-40:39
47            android:name="org.gyeongsoton.gyeongsoton_jelly.Funding_info"
47-->src\main\AndroidManifest.xml:39:13-41
48            android:exported="true" />
48-->src\main\AndroidManifest.xml:40:13-36
49        <activity
49-->src\main\AndroidManifest.xml:41:9-43:39
50            android:name="org.gyeongsoton.gyeongsoton_jelly.Market_bottom_sheet"
50-->src\main\AndroidManifest.xml:42:13-48
51            android:exported="true" />
51-->src\main\AndroidManifest.xml:43:13-36
52        <activity
52-->src\main\AndroidManifest.xml:44:9-46:39
53            android:name="org.gyeongsoton.gyeongsoton_jelly.Market_item_buy"
53-->src\main\AndroidManifest.xml:45:13-44
54            android:exported="true" />
54-->src\main\AndroidManifest.xml:46:13-36
55        <activity
55-->src\main\AndroidManifest.xml:47:9-49:39
56            android:name="org.gyeongsoton.gyeongsoton_jelly.Jellyshop_pay"
56-->src\main\AndroidManifest.xml:48:13-42
57            android:exported="true" />
57-->src\main\AndroidManifest.xml:49:13-36
58        <activity
58-->src\main\AndroidManifest.xml:50:9-52:39
59            android:name="org.gyeongsoton.gyeongsoton_jelly.Jellyshop"
59-->src\main\AndroidManifest.xml:51:13-38
60            android:exported="true" />
60-->src\main\AndroidManifest.xml:52:13-36
61        <activity
61-->src\main\AndroidManifest.xml:53:9-55:39
62            android:name="org.gyeongsoton.gyeongsoton_jelly.Funding_monitoring_upload"
62-->src\main\AndroidManifest.xml:54:13-54
63            android:exported="true" />
63-->src\main\AndroidManifest.xml:55:13-36
64        <activity
64-->src\main\AndroidManifest.xml:56:9-58:39
65            android:name="org.gyeongsoton.gyeongsoton_jelly.Funding_monitoring"
65-->src\main\AndroidManifest.xml:57:13-47
66            android:exported="true" />
66-->src\main\AndroidManifest.xml:58:13-36
67        <activity
67-->src\main\AndroidManifest.xml:59:9-61:39
68            android:name="org.gyeongsoton.gyeongsoton_jelly.Funding_upload"
68-->src\main\AndroidManifest.xml:60:13-43
69            android:exported="true" />
69-->src\main\AndroidManifest.xml:61:13-36
70        <activity
70-->src\main\AndroidManifest.xml:62:9-64:39
71            android:name="org.gyeongsoton.gyeongsoton_jelly.Adopt_monitoring_upload"
71-->src\main\AndroidManifest.xml:63:13-52
72            android:exported="true" />
72-->src\main\AndroidManifest.xml:64:13-36
73        <activity
73-->src\main\AndroidManifest.xml:65:9-67:39
74            android:name="org.gyeongsoton.gyeongsoton_jelly.Adopt_monitor"
74-->src\main\AndroidManifest.xml:66:13-42
75            android:exported="true" />
75-->src\main\AndroidManifest.xml:67:13-36
76        <activity
76-->src\main\AndroidManifest.xml:68:9-70:39
77            android:name="org.gyeongsoton.gyeongsoton_jelly.Mypage"
77-->src\main\AndroidManifest.xml:69:13-35
78            android:exported="true" />
78-->src\main\AndroidManifest.xml:70:13-36
79        <activity
79-->src\main\AndroidManifest.xml:71:9-73:39
80            android:name="org.gyeongsoton.gyeongsoton_jelly.Market_item_upload"
80-->src\main\AndroidManifest.xml:72:13-47
81            android:exported="true" />
81-->src\main\AndroidManifest.xml:73:13-36
82        <activity
82-->src\main\AndroidManifest.xml:74:9-76:39
83            android:name="org.gyeongsoton.gyeongsoton_jelly.Market_item_info"
83-->src\main\AndroidManifest.xml:75:13-45
84            android:exported="true" />
84-->src\main\AndroidManifest.xml:76:13-36
85        <activity
85-->src\main\AndroidManifest.xml:77:9-79:39
86            android:name="org.gyeongsoton.gyeongsoton_jelly.Market_list"
86-->src\main\AndroidManifest.xml:78:13-40
87            android:exported="true" />
87-->src\main\AndroidManifest.xml:79:13-36
88        <activity
88-->src\main\AndroidManifest.xml:80:9-82:39
89            android:name="org.gyeongsoton.gyeongsoton_jelly.Adopt_protect_upload"
89-->src\main\AndroidManifest.xml:81:13-49
90            android:exported="true" />
90-->src\main\AndroidManifest.xml:82:13-36
91        <activity
91-->src\main\AndroidManifest.xml:83:9-85:39
92            android:name="org.gyeongsoton.gyeongsoton_jelly.Adopt_confirm"
92-->src\main\AndroidManifest.xml:84:13-42
93            android:exported="true" />
93-->src\main\AndroidManifest.xml:85:13-36
94        <activity
94-->src\main\AndroidManifest.xml:86:9-88:39
95            android:name="org.gyeongsoton.gyeongsoton_jelly.Adopt_request"
95-->src\main\AndroidManifest.xml:87:13-42
96            android:exported="true" />
96-->src\main\AndroidManifest.xml:88:13-36
97        <activity
97-->src\main\AndroidManifest.xml:89:9-91:39
98            android:name="org.gyeongsoton.gyeongsoton_jelly.Login_seller"
98-->src\main\AndroidManifest.xml:90:13-41
99            android:exported="true" />
99-->src\main\AndroidManifest.xml:91:13-36
100        <activity
100-->src\main\AndroidManifest.xml:92:9-94:39
101            android:name="org.gyeongsoton.gyeongsoton_jelly.Login_center"
101-->src\main\AndroidManifest.xml:93:13-41
102            android:exported="true" />
102-->src\main\AndroidManifest.xml:94:13-36
103        <activity
103-->src\main\AndroidManifest.xml:95:9-97:39
104            android:name="org.gyeongsoton.gyeongsoton_jelly.Adopt_info"
104-->src\main\AndroidManifest.xml:96:13-39
105            android:exported="true" />
105-->src\main\AndroidManifest.xml:97:13-36
106        <activity
106-->src\main\AndroidManifest.xml:98:9-100:39
107            android:name="org.gyeongsoton.gyeongsoton_jelly.Funding_list"
107-->src\main\AndroidManifest.xml:99:13-41
108            android:exported="true" />
108-->src\main\AndroidManifest.xml:100:13-36
109        <activity
109-->src\main\AndroidManifest.xml:101:9-103:39
110            android:name="org.gyeongsoton.gyeongsoton_jelly.Login_normal"
110-->src\main\AndroidManifest.xml:102:13-41
111            android:exported="true" />
111-->src\main\AndroidManifest.xml:103:13-36
112        <activity
112-->src\main\AndroidManifest.xml:104:9-106:39
113            android:name="org.gyeongsoton.gyeongsoton_jelly.Signup"
113-->src\main\AndroidManifest.xml:105:13-35
114            android:exported="true" />
114-->src\main\AndroidManifest.xml:106:13-36
115        <activity
115-->src\main\AndroidManifest.xml:107:9-109:39
116            android:name="org.gyeongsoton.gyeongsoton_jelly.Adopt_list"
116-->src\main\AndroidManifest.xml:108:13-39
117            android:exported="true" />
117-->src\main\AndroidManifest.xml:109:13-36
118        <activity
118-->src\main\AndroidManifest.xml:110:9-112:39
119            android:name="org.gyeongsoton.gyeongsoton_jelly.MainActivity"
119-->src\main\AndroidManifest.xml:111:13-41
120            android:exported="true" />
120-->src\main\AndroidManifest.xml:112:13-36
121    </application>
122
123</manifest>